<?xml version="1.0" encoding="UTF-8"?>
<!-- Generated by org.testng.reporters.JUnitReportReporter -->
<testsuite hostname="DESKTOP-8D76I4T" failures="0" tests="2" name="tests.homepagetest" time="10.753" errors="0" timestamp="2020-08-27T17:54:15 EDT" skipped="0">
  <testcase classname="tests.homepagetest" name="getElements" time="7.857"/>
  <system-out/>
  <testcase classname="tests.homepagetest" name="homepageTests" time="2.896"/>
  <system-out/>
</testsuite> <!-- tests.homepagetest -->
