<?xml version="1.0" encoding="UTF-8"?>
<!-- Generated by org.testng.reporters.JUnitReportReporter -->
<testsuite hostname="DESKTOP-8D76I4T" failures="0" tests="3" name="tests.login" time="5.666" errors="0" timestamp="2020-08-24T19:57:52 EDT" skipped="0">
  <testcase classname="tests.login" name="logins" time="0.008"/>
  <system-out/>
  <testcase classname="tests.login" name="login" time="5.651"/>
  <system-out/>
  <testcase classname="tests.login" name="logins" time="0.007"/>
  <system-out/>
</testsuite> <!-- tests.login -->
