<?xml version="1.0" encoding="UTF-8"?>
<!-- Generated by org.testng.reporters.JUnitReportReporter -->
<testsuite hostname="DESKTOP-8D76I4T" failures="0" tests="2" name="tests.homepagetest" time="12.716" errors="0" timestamp="2020-08-26T22:04:22 EDT" skipped="0">
  <testcase classname="tests.homepagetest" name="getElements" time="9.200"/>
  <system-out/>
  <testcase classname="tests.homepagetest" name="homepageTests" time="3.516"/>
  <system-out/>
</testsuite> <!-- tests.homepagetest -->
