<?xml version="1.0" encoding="UTF-8"?>
<!-- Generated by org.testng.reporters.JUnitReportReporter -->
<testsuite hostname="DESKTOP-8D76I4T" failures="0" tests="3" name="tests.login" time="0.000" errors="0" timestamp="2020-08-25T22:02:06 EDT" skipped="3">
  <testcase classname="tests.login" name="logins" time="0.000">
    <skipped/>
  </testcase> <!-- logins -->
  <system-out/>
  <testcase classname="tests.login" name="logins" time="0.000">
    <skipped/>
  </testcase> <!-- logins -->
  <system-out/>
  <testcase classname="tests.login" name="login" time="0.000">
    <skipped/>
  </testcase> <!-- login -->
  <system-out/>
</testsuite> <!-- tests.login -->
