<?xml version="1.0" encoding="UTF-8"?>
<!-- Generated by org.testng.reporters.JUnitReportReporter -->
<testsuite hostname="DESKTOP-8D76I4T" failures="0" tests="3" name="tests.login" time="11.677" errors="0" timestamp="2020-08-26T08:22:22 EDT" skipped="0">
  <testcase classname="tests.login" name="logins" time="0.010"/>
  <system-out/>
  <testcase classname="tests.login" name="login" time="11.659"/>
  <system-out/>
  <testcase classname="tests.login" name="logins" time="0.008"/>
  <system-out/>
</testsuite> <!-- tests.login -->
