<?xml version="1.0" encoding="UTF-8"?>
<!-- Generated by org.testng.reporters.JUnitReportReporter -->
<testsuite hostname="DESKTOP-8D76I4T" failures="0" tests="1" name="tests.homepagetest" time="27.315" errors="0" timestamp="2020-08-25T22:27:48 EDT" skipped="0">
  <testcase classname="tests.homepagetest" name="homepageTests" time="27.315"/>
  <system-out/>
</testsuite> <!-- tests.homepagetest -->
