<?xml version="1.0" encoding="UTF-8"?>
<!-- Generated by org.testng.reporters.JUnitReportReporter -->
<testsuite hostname="DESKTOP-8D76I4T" failures="0" tests="1" name="tests.login" time="6.883" errors="0" timestamp="2020-08-24T16:19:59 EDT" skipped="0">
  <testcase classname="tests.login" name="login" time="6.883"/>
  <system-out/>
</testsuite> <!-- tests.login -->
