<?xml version="1.0" encoding="UTF-8"?>
<!-- Generated by org.testng.reporters.JUnitReportReporter -->
<testsuite hostname="DESKTOP-8D76I4T" failures="0" tests="1" name="tests.login" time="32.326" errors="0" timestamp="2020-08-25T22:24:10 EDT" skipped="0">
  <testcase classname="tests.login" name="login" time="32.326"/>
  <system-out/>
</testsuite> <!-- tests.login -->
