<?xml version="1.0" encoding="UTF-8"?>
<!-- Generated by org.testng.reporters.JUnitReportReporter -->
<testsuite hostname="DESKTOP-8D76I4T" failures="0" tests="1" name="tests.homepagetest" time="2.219" errors="0" timestamp="2020-08-25T21:46:27 EDT" skipped="0">
  <testcase classname="tests.homepagetest" name="homepageTests" time="2.219"/>
  <system-out/>
</testsuite> <!-- tests.homepagetest -->
